<?xml version="1.0" encoding="UTF-8"?>
<testsuite xmlns:xsi="http://www.w3.org/2001/XMLSchema-instance" xsi:noNamespaceSchemaLocation="https://maven.apache.org/surefire/maven-surefire-plugin/xsd/surefire-test-report.xsd" name="TestSuite" time="18.106" tests="7" errors="0" skipped="0" failures="2">
  <properties>
[...]
</properties>
  <testcase name="Tests1 on Tests1(Selleniun_start_projects.Selleniun_start_projects.AppTest)" classname="Selleniun_start_projects.Selleniun_start_projects.AppTest" time="7.96"/>
  <testcase name="testValidValueSevenDigits on testValidValueSevenDigits(Selleniun_start_projects.Selleniun_start_projects.StringValidationTest)" classname="Selleniun_start_projects.Selleniun_start_projects.StringValidationTest" time="0"/>
  <testcase name="testInvalidValueSpecialCharacters on testInvalidValueSpecialCharacters(Selleniun_start_projects.Selleniun_start_projects.StringValidationTest)" classname="Selleniun_start_projects.Selleniun_start_projects.StringValidationTest" time="0"/>
  <testcase name="testValidValueAlphanumeric on testValidValueAlphanumeric(Selleniun_start_projects.Selleniun_start_projects.StringValidationTest)" classname="Selleniun_start_projects.Selleniun_start_projects.StringValidationTest" time="0.001"/>
  <testcase name="testInvalidValueEmpty on testInvalidValueEmpty(Selleniun_start_projects.Selleniun_start_projects.StringValidationTest)" classname="Selleniun_start_projects.Selleniun_start_projects.StringValidationTest" time="0"/>
  <testcase name="testValidPassword on testValidPassword(Selleniun_start_projects.Selleniun_start_projects.PasswordValidationTest)" classname="Selleniun_start_projects.Selleniun_start_projects.PasswordValidationTest" time="5.5">
    <failure message="Browsing context has been discarded&#10;Build info: version: &apos;3.13.0&apos;, revision: &apos;2f0d292&apos;, time: &apos;2018-06-25T15:24:21.231Z&apos;&#10;System info: host: &apos;HOSAM&apos;, ip: &apos;10.0.0.6&apos;, os.name: &apos;Windows 11&apos;, os.arch: &apos;amd64&apos;, os.version: &apos;10.0&apos;, java.version: &apos;23.0.1&apos;&#10;Driver info: org.openqa.selenium.firefox.FirefoxDriver&#10;Capabilities {acceptInsecureCerts: true, browserName: firefox, browserVersion: 121.0, javascriptEnabled: true, moz:accessibilityChecks: false, moz:buildID: 20231211174248, moz:geckodriverVersion: 0.35.0, moz:headless: false, moz:platformVersion: 10.0, moz:processID: 50480, moz:profile: C:\Users\hosam\AppData\Loca..., moz:shutdownTimeout: 60000, moz:webdriverClick: true, moz:windowless: false, pageLoadStrategy: normal, platform: WINDOWS, platformName: WINDOWS, proxy: Proxy(), setWindowRect: true, strictFileInteractability: false, timeouts: {implicit: 0, pageLoad: 300000, script: 30000}, unhandledPromptBehavior: dismiss and notify}&#10;Session ID: e9629d3e-26de-4651-9c4e-bc9ae877dce8&#10;*** Element info: {Using=id, value=password}" type="org.openqa.selenium.NoSuchWindowException">org.openqa.selenium.NoSuchWindowException: 
Browsing context has been discarded
Build info: version: '3.13.0', revision: '2f0d292', time: '2018-06-25T15:24:21.231Z'
System info: host: 'HOSAM', ip: '10.0.0.6', os.name: 'Windows 11', os.arch: 'amd64', os.version: '10.0', java.version: '23.0.1'
Driver info: org.openqa.selenium.firefox.FirefoxDriver
Capabilities {acceptInsecureCerts: true, browserName: firefox, browserVersion: 121.0, javascriptEnabled: true, moz:accessibilityChecks: false, moz:buildID: 20231211174248, moz:geckodriverVersion: 0.35.0, moz:headless: false, moz:platformVersion: 10.0, moz:processID: 50480, moz:profile: C:\Users\hosam\AppData\Loca..., moz:shutdownTimeout: 60000, moz:webdriverClick: true, moz:windowless: false, pageLoadStrategy: normal, platform: WINDOWS, platformName: WINDOWS, proxy: Proxy(), setWindowRect: true, strictFileInteractability: false, timeouts: {implicit: 0, pageLoad: 300000, script: 30000}, unhandledPromptBehavior: dismiss and notify}
Session ID: e9629d3e-26de-4651-9c4e-bc9ae877dce8
*** Element info: {Using=id, value=password}
	at Selleniun_start_projects.Selleniun_start_projects.PasswordValidationTest.testValidPassword(PasswordValidationTest.java:23)
</failure>
    <system-err><![CDATA[1737573733436	geckodriver	INFO	Listening on 127.0.0.1:39024
1737573733503	mozrunner::runner	INFO	Running command: "C:\\Program Files\\Mozilla Firefox\\firefox.exe" "--marionette" "-no-remote" "-profile" "C:\\Users\\hosam\\AppData\\Local\\Temp\\rust_mozprofileNv3SPp"
console.warn: services.settings: Ignoring preference override of remote settings server
console.warn: services.settings: Allow by setting MOZ_REMOTE_SETTINGS_DEVTOOLS=1 in the environment
1737573734107	Marionette	INFO	Marionette enabled
Dynamically enable window occlusion 0
1737573734284	Marionette	INFO	Listening on port 52592
Read port: 52592
1737573734827	RemoteAgent	WARN	TLS certificate errors will be ignored for this session
1737573735219	Marionette	INFO	Stopped listening on port 52524
Dynamically enable window occlusion 1
JavaScript error: chrome://remote/content/marionette/cert.sys.mjs, line 51: NS_ERROR_NOT_AVAILABLE: Component returned failure code: 0x80040111 (NS_ERROR_NOT_AVAILABLE) [nsICertOverrideService.setDisableAllSecurityChecksAndLetAttackersInterceptMyData]
ינו׳ 22, 2025 9:22:17 אחה״צ org.openqa.selenium.remote.ProtocolHandshake createSession
INFO: Detected dialect: W3C
1737573738665	Marionette	INFO	Stopped listening on port 52592
Dynamically enable window occlusion 1
JavaScript error: chrome://remote/content/marionette/cert.sys.mjs, line 51: NS_ERROR_NOT_AVAILABLE: Component returned failure code: 0x80040111 (NS_ERROR_NOT_AVAILABLE) [nsICertOverrideService.setDisableAllSecurityChecksAndLetAttackersInterceptMyData]
]]></system-err>
  </testcase>
  <testcase name="testInvalidPassword on testInvalidPassword(Selleniun_start_projects.Selleniun_start_projects.PasswordValidationTest)" classname="Selleniun_start_projects.Selleniun_start_projects.PasswordValidationTest" time="4.112">
    <failure message="Browsing context has been discarded&#10;Build info: version: &apos;3.13.0&apos;, revision: &apos;2f0d292&apos;, time: &apos;2018-06-25T15:24:21.231Z&apos;&#10;System info: host: &apos;HOSAM&apos;, ip: &apos;10.0.0.6&apos;, os.name: &apos;Windows 11&apos;, os.arch: &apos;amd64&apos;, os.version: &apos;10.0&apos;, java.version: &apos;23.0.1&apos;&#10;Driver info: org.openqa.selenium.firefox.FirefoxDriver&#10;Capabilities {acceptInsecureCerts: true, browserName: firefox, browserVersion: 121.0, javascriptEnabled: true, moz:accessibilityChecks: false, moz:buildID: 20231211174248, moz:geckodriverVersion: 0.35.0, moz:headless: false, moz:platformVersion: 10.0, moz:processID: 37052, moz:profile: C:\Users\hosam\AppData\Loca..., moz:shutdownTimeout: 60000, moz:webdriverClick: true, moz:windowless: false, pageLoadStrategy: normal, platform: WINDOWS, platformName: WINDOWS, proxy: Proxy(), setWindowRect: true, strictFileInteractability: false, timeouts: {implicit: 0, pageLoad: 300000, script: 30000}, unhandledPromptBehavior: dismiss and notify}&#10;Session ID: b90faa69-1431-46bf-9f46-e5640419f0a2&#10;*** Element info: {Using=id, value=password}" type="org.openqa.selenium.NoSuchWindowException">org.openqa.selenium.NoSuchWindowException: 
Browsing context has been discarded
Build info: version: '3.13.0', revision: '2f0d292', time: '2018-06-25T15:24:21.231Z'
System info: host: 'HOSAM', ip: '10.0.0.6', os.name: 'Windows 11', os.arch: 'amd64', os.version: '10.0', java.version: '23.0.1'
Driver info: org.openqa.selenium.firefox.FirefoxDriver
Capabilities {acceptInsecureCerts: true, browserName: firefox, browserVersion: 121.0, javascriptEnabled: true, moz:accessibilityChecks: false, moz:buildID: 20231211174248, moz:geckodriverVersion: 0.35.0, moz:headless: false, moz:platformVersion: 10.0, moz:processID: 37052, moz:profile: C:\Users\hosam\AppData\Loca..., moz:shutdownTimeout: 60000, moz:webdriverClick: true, moz:windowless: false, pageLoadStrategy: normal, platform: WINDOWS, platformName: WINDOWS, proxy: Proxy(), setWindowRect: true, strictFileInteractability: false, timeouts: {implicit: 0, pageLoad: 300000, script: 30000}, unhandledPromptBehavior: dismiss and notify}
Session ID: b90faa69-1431-46bf-9f46-e5640419f0a2
*** Element info: {Using=id, value=password}
	at Selleniun_start_projects.Selleniun_start_projects.PasswordValidationTest.testInvalidPassword(PasswordValidationTest.java:31)
</failure>
    <system-err><![CDATA[1737573738846	geckodriver	INFO	Listening on 127.0.0.1:5074
1737573738871	mozrunner::runner	INFO	Running command: "C:\\Program Files\\Mozilla Firefox\\firefox.exe" "--marionette" "-no-remote" "-profile" "C:\\Users\\hosam\\AppData\\Local\\Temp\\rust_mozprofileTtjd09"
console.warn: services.settings: Ignoring preference override of remote settings server
console.warn: services.settings: Allow by setting MOZ_REMOTE_SETTINGS_DEVTOOLS=1 in the environment
1737573739444	Marionette	INFO	Marionette enabled
Dynamically enable window occlusion 0
1737573740009	Marionette	INFO	Listening on port 52641
Read port: 52641
1737573740289	RemoteAgent	WARN	TLS certificate errors will be ignored for this session
ינו׳ 22, 2025 9:22:21 אחה״צ org.openqa.selenium.remote.ProtocolHandshake createSession
INFO: Detected dialect: W3C
1737573742818	Marionette	INFO	Stopped listening on port 52641
Dynamically enable window occlusion 1
]]></system-err>
  </testcase>
</testsuite>